<?xml version="1.0" encoding="UTF-8" ?>
<testsuite failures="0" time="9.291" errors="0" skipped="0" tests="1" name="org.openmobster.core.common.bus.TestBusReconnection">
  <properties>
    <property name="java.runtime.name" value="Java(TM) SE Runtime Environment"/>
    <property name="sun.boot.library.path" value="/home/openmobster/java6/jdk1.6.0_18/jre/lib/i386"/>
    <property name="java.vm.version" value="16.0-b13"/>
    <property name="java.vm.vendor" value="Sun Microsystems Inc."/>
    <property name="java.vendor.url" value="http://java.sun.com/"/>
    <property name="path.separator" value=":"/>
    <property name="java.vm.name" value="Java HotSpot(TM) Client VM"/>
    <property name="file.encoding.pkg" value="sun.io"/>
    <property name="user.country" value="US"/>
    <property name="sun.java.launcher" value="SUN_STANDARD"/>
    <property name="sun.os.patch.level" value="unknown"/>
    <property name="java.vm.specification.name" value="Java Virtual Machine Specification"/>
    <property name="user.dir" value="/home/openmobster/projects/openmobster/googlecode/src/2.0-M1/trunk/common"/>
    <property name="java.runtime.version" value="1.6.0_18-b07"/>
    <property name="java.awt.graphicsenv" value="sun.awt.X11GraphicsEnvironment"/>
    <property name="basedir" value="/home/openmobster/projects/openmobster/googlecode/src/2.0-M1/trunk/common"/>
    <property name="java.endorsed.dirs" value="/home/openmobster/java6/jdk1.6.0_18/jre/lib/endorsed"/>
    <property name="os.arch" value="i386"/>
    <property name="surefire.real.class.path" value="/tmp/surefirebooter9215784390486394067.jar"/>
    <property name="java.io.tmpdir" value="/tmp"/>
    <property name="line.separator" value="
"/>
    <property name="java.vm.specification.vendor" value="Sun Microsystems Inc."/>
    <property name="os.name" value="Linux"/>
    <property name="sun.jnu.encoding" value="UTF-8"/>
    <property name="java.library.path" value="/home/openmobster/java6/jdk1.6.0_18/jre/lib/i386/client:/home/openmobster/java6/jdk1.6.0_18/jre/lib/i386:/home/openmobster/java6/jdk1.6.0_18/jre/../lib/i386:/usr/java/packages/lib/i386:/lib:/usr/lib"/>
    <property name="surefire.test.class.path" value="/home/openmobster/projects/openmobster/googlecode/src/2.0-M1/trunk/common/target/test-classes:/home/openmobster/projects/openmobster/googlecode/src/2.0-M1/trunk/common/target/classes:/home/openmobster/.m2/repository/commons-codec/commons-codec/1.3/commons-codec-1.3.jar:/home/openmobster/.m2/repository/commons-validator/commons-validator/1.3.1/commons-validator-1.3.1.jar:/home/openmobster/.m2/repository/commons-beanutils/commons-beanutils/1.7.0/commons-beanutils-1.7.0.jar:/home/openmobster/.m2/repository/commons-logging/commons-logging/1.0.4/commons-logging-1.0.4.jar:/home/openmobster/.m2/repository/commons-digester/commons-digester/1.6/commons-digester-1.6.jar:/home/openmobster/.m2/repository/commons-collections/commons-collections/2.1.1/commons-collections-2.1.1.jar:/home/openmobster/.m2/repository/xml-apis/xml-apis/1.0.b2/xml-apis-1.0.b2.jar:/home/openmobster/.m2/repository/oro/oro/2.0.8/oro-2.0.8.jar:/home/openmobster/.m2/repository/junit/junit/3.8.2/junit-3.8.2.jar:/home/openmobster/.m2/repository/log4j/log4j/1.2.15/log4j-1.2.15.jar:/home/openmobster/.m2/repository/javax/mail/mail/1.4/mail-1.4.jar:/home/openmobster/.m2/repository/javax/activation/activation/1.1/activation-1.1.jar:/home/openmobster/.m2/repository/javax/jms/jms/1.1/jms-1.1.jar:/home/openmobster/.m2/repository/com/sun/jdmk/jmxtools/1.2.1/jmxtools-1.2.1.jar:/home/openmobster/.m2/repository/com/sun/jmx/jmxri/1.2.1/jmxri-1.2.1.jar:/home/openmobster/.m2/repository/org/hibernate/hibernate/3.2.6.ga/hibernate-3.2.6.ga.jar:/home/openmobster/.m2/repository/net/sf/ehcache/ehcache/1.2.3/ehcache-1.2.3.jar:/home/openmobster/.m2/repository/javax/transaction/jta/1.1/jta-1.1.jar:/home/openmobster/.m2/repository/asm/asm-attrs/1.5.3/asm-attrs-1.5.3.jar:/home/openmobster/.m2/repository/dom4j/dom4j/1.6.1/dom4j-1.6.1.jar:/home/openmobster/.m2/repository/antlr/antlr/2.7.6/antlr-2.7.6.jar:/home/openmobster/.m2/repository/cglib/cglib/2.1_3/cglib-2.1_3.jar:/home/openmobster/.m2/repository/asm/asm/1.5.3/asm-1.5.3.jar:/home/openmobster/.m2/repository/org/jboss/microcontainer/jboss-kernel/2.0.4.GA/jboss-kernel-2.0.4.GA.jar:/home/openmobster/.m2/repository/org/jboss/microcontainer/jboss-dependency/2.0.4.GA/jboss-dependency-2.0.4.GA.jar:/home/openmobster/.m2/repository/org/jboss/jbossxb/2.0.0.GA/jbossxb-2.0.0.GA.jar:/home/openmobster/.m2/repository/org/jboss/logging/jboss-logging-spi/2.0.5.GA/jboss-logging-spi-2.0.5.GA.jar:/home/openmobster/.m2/repository/org/jboss/jboss-common-core/2.2.1.GA/jboss-common-core-2.2.1.GA.jar:/home/openmobster/.m2/repository/apache-xerces/xml-apis/2.7.1/xml-apis-2.7.1.jar:/home/openmobster/.m2/repository/apache-httpclient/commons-httpclient/2.0.2/commons-httpclient-2.0.2.jar:/home/openmobster/.m2/repository/apache-slide/webdavlib/2.0/webdavlib-2.0.jar:/home/openmobster/.m2/repository/jboss/jboss-common-logging-spi/2.0.4.GA/jboss-common-logging-spi-2.0.4.GA.jar:/home/openmobster/.m2/repository/org/jboss/jboss-reflect/2.0.2.GA/jboss-reflect-2.0.2.GA.jar:/home/openmobster/.m2/repository/apache-xerces/xercesImpl/2.9.1/xercesImpl-2.9.1.jar:/home/openmobster/.m2/repository/wutka-dtdparser/dtdparser121/1.2.1/dtdparser121-1.2.1.jar:/home/openmobster/.m2/repository/sun-jaxb/jaxb-api/2.1.4/jaxb-api-2.1.4.jar:/home/openmobster/.m2/repository/org/jboss/jboss-mdr/2.0.1.GA/jboss-mdr-2.0.1.GA.jar:/home/openmobster/.m2/repository/org/hornetq/hornetq-core/2.0.0.BETA5/hornetq-core-2.0.0.BETA5.jar:/home/openmobster/.m2/repository/org/hornetq/hornetq-core-client/2.0.0.BETA5/hornetq-core-client-2.0.0.BETA5.jar:/home/openmobster/.m2/repository/org/hornetq/hornetq-jms/2.0.0.BETA5/hornetq-jms-2.0.0.BETA5.jar:/home/openmobster/.m2/repository/org/hornetq/hornetq-jms-client/2.0.0.BETA5/hornetq-jms-client-2.0.0.BETA5.jar:/home/openmobster/.m2/repository/com/thoughtworks/xstream/xstream/1.3.1/xstream-1.3.1.jar:/home/openmobster/.m2/repository/xpp3/xpp3_min/1.1.3.4.O/xpp3_min-1.1.3.4.O.jar:/home/openmobster/.m2/repository/hsqldb/hsqldb/1.8.0.7/hsqldb-1.8.0.7.jar:/home/openmobster/.m2/repository/mysql/mysql-connector-java/5.1.6/mysql-connector-java-5.1.6.jar:/home/openmobster/projects/openmobster/googlecode/src/2.0-M1/trunk/common/target/../target/test-classes/bean1.jar:/home/openmobster/projects/openmobster/googlecode/src/2.0-M1/trunk/common/target/../target/test-classes/bean2.jar:/home/openmobster/projects/openmobster/googlecode/src/2.0-M1/trunk/common/target/../target/test-classes/validation.jar:"/>
    <property name="java.specification.name" value="Java Platform API Specification"/>
    <property name="java.class.version" value="50.0"/>
    <property name="sun.management.compiler" value="HotSpot Client Compiler"/>
    <property name="os.version" value="2.6.31-19-generic"/>
    <property name="user.home" value="/home/openmobster"/>
    <property name="user.timezone" value="America/Chicago"/>
    <property name="java.awt.printerjob" value="sun.print.PSPrinterJob"/>
    <property name="file.encoding" value="UTF-8"/>
    <property name="java.specification.version" value="1.6"/>
    <property name="user.name" value="openmobster"/>
    <property name="java.class.path" value="/home/openmobster/projects/openmobster/googlecode/src/2.0-M1/trunk/common/target/test-classes:/home/openmobster/projects/openmobster/googlecode/src/2.0-M1/trunk/common/target/classes:/home/openmobster/.m2/repository/commons-codec/commons-codec/1.3/commons-codec-1.3.jar:/home/openmobster/.m2/repository/commons-validator/commons-validator/1.3.1/commons-validator-1.3.1.jar:/home/openmobster/.m2/repository/commons-beanutils/commons-beanutils/1.7.0/commons-beanutils-1.7.0.jar:/home/openmobster/.m2/repository/commons-logging/commons-logging/1.0.4/commons-logging-1.0.4.jar:/home/openmobster/.m2/repository/commons-digester/commons-digester/1.6/commons-digester-1.6.jar:/home/openmobster/.m2/repository/commons-collections/commons-collections/2.1.1/commons-collections-2.1.1.jar:/home/openmobster/.m2/repository/xml-apis/xml-apis/1.0.b2/xml-apis-1.0.b2.jar:/home/openmobster/.m2/repository/oro/oro/2.0.8/oro-2.0.8.jar:/home/openmobster/.m2/repository/junit/junit/3.8.2/junit-3.8.2.jar:/home/openmobster/.m2/repository/log4j/log4j/1.2.15/log4j-1.2.15.jar:/home/openmobster/.m2/repository/javax/mail/mail/1.4/mail-1.4.jar:/home/openmobster/.m2/repository/javax/activation/activation/1.1/activation-1.1.jar:/home/openmobster/.m2/repository/javax/jms/jms/1.1/jms-1.1.jar:/home/openmobster/.m2/repository/com/sun/jdmk/jmxtools/1.2.1/jmxtools-1.2.1.jar:/home/openmobster/.m2/repository/com/sun/jmx/jmxri/1.2.1/jmxri-1.2.1.jar:/home/openmobster/.m2/repository/org/hibernate/hibernate/3.2.6.ga/hibernate-3.2.6.ga.jar:/home/openmobster/.m2/repository/net/sf/ehcache/ehcache/1.2.3/ehcache-1.2.3.jar:/home/openmobster/.m2/repository/javax/transaction/jta/1.1/jta-1.1.jar:/home/openmobster/.m2/repository/asm/asm-attrs/1.5.3/asm-attrs-1.5.3.jar:/home/openmobster/.m2/repository/dom4j/dom4j/1.6.1/dom4j-1.6.1.jar:/home/openmobster/.m2/repository/antlr/antlr/2.7.6/antlr-2.7.6.jar:/home/openmobster/.m2/repository/cglib/cglib/2.1_3/cglib-2.1_3.jar:/home/openmobster/.m2/repository/asm/asm/1.5.3/asm-1.5.3.jar:/home/openmobster/.m2/repository/org/jboss/microcontainer/jboss-kernel/2.0.4.GA/jboss-kernel-2.0.4.GA.jar:/home/openmobster/.m2/repository/org/jboss/microcontainer/jboss-dependency/2.0.4.GA/jboss-dependency-2.0.4.GA.jar:/home/openmobster/.m2/repository/org/jboss/jbossxb/2.0.0.GA/jbossxb-2.0.0.GA.jar:/home/openmobster/.m2/repository/org/jboss/logging/jboss-logging-spi/2.0.5.GA/jboss-logging-spi-2.0.5.GA.jar:/home/openmobster/.m2/repository/org/jboss/jboss-common-core/2.2.1.GA/jboss-common-core-2.2.1.GA.jar:/home/openmobster/.m2/repository/apache-xerces/xml-apis/2.7.1/xml-apis-2.7.1.jar:/home/openmobster/.m2/repository/apache-httpclient/commons-httpclient/2.0.2/commons-httpclient-2.0.2.jar:/home/openmobster/.m2/repository/apache-slide/webdavlib/2.0/webdavlib-2.0.jar:/home/openmobster/.m2/repository/jboss/jboss-common-logging-spi/2.0.4.GA/jboss-common-logging-spi-2.0.4.GA.jar:/home/openmobster/.m2/repository/org/jboss/jboss-reflect/2.0.2.GA/jboss-reflect-2.0.2.GA.jar:/home/openmobster/.m2/repository/apache-xerces/xercesImpl/2.9.1/xercesImpl-2.9.1.jar:/home/openmobster/.m2/repository/wutka-dtdparser/dtdparser121/1.2.1/dtdparser121-1.2.1.jar:/home/openmobster/.m2/repository/sun-jaxb/jaxb-api/2.1.4/jaxb-api-2.1.4.jar:/home/openmobster/.m2/repository/org/jboss/jboss-mdr/2.0.1.GA/jboss-mdr-2.0.1.GA.jar:/home/openmobster/.m2/repository/org/hornetq/hornetq-core/2.0.0.BETA5/hornetq-core-2.0.0.BETA5.jar:/home/openmobster/.m2/repository/org/hornetq/hornetq-core-client/2.0.0.BETA5/hornetq-core-client-2.0.0.BETA5.jar:/home/openmobster/.m2/repository/org/hornetq/hornetq-jms/2.0.0.BETA5/hornetq-jms-2.0.0.BETA5.jar:/home/openmobster/.m2/repository/org/hornetq/hornetq-jms-client/2.0.0.BETA5/hornetq-jms-client-2.0.0.BETA5.jar:/home/openmobster/.m2/repository/com/thoughtworks/xstream/xstream/1.3.1/xstream-1.3.1.jar:/home/openmobster/.m2/repository/xpp3/xpp3_min/1.1.3.4.O/xpp3_min-1.1.3.4.O.jar:/home/openmobster/.m2/repository/hsqldb/hsqldb/1.8.0.7/hsqldb-1.8.0.7.jar:/home/openmobster/.m2/repository/mysql/mysql-connector-java/5.1.6/mysql-connector-java-5.1.6.jar:/home/openmobster/projects/openmobster/googlecode/src/2.0-M1/trunk/common/target/../target/test-classes/bean1.jar:/home/openmobster/projects/openmobster/googlecode/src/2.0-M1/trunk/common/target/../target/test-classes/bean2.jar:/home/openmobster/projects/openmobster/googlecode/src/2.0-M1/trunk/common/target/../target/test-classes/validation.jar:"/>
    <property name="java.vm.specification.version" value="1.0"/>
    <property name="sun.arch.data.model" value="32"/>
    <property name="java.home" value="/home/openmobster/java6/jdk1.6.0_18/jre"/>
    <property name="java.specification.vendor" value="Sun Microsystems Inc."/>
    <property name="user.language" value="en"/>
    <property name="java.vm.info" value="mixed mode, sharing"/>
    <property name="java.version" value="1.6.0_18"/>
    <property name="java.ext.dirs" value="/home/openmobster/java6/jdk1.6.0_18/jre/lib/ext:/usr/java/packages/lib/ext"/>
    <property name="sun.boot.class.path" value="/home/openmobster/java6/jdk1.6.0_18/jre/lib/resources.jar:/home/openmobster/java6/jdk1.6.0_18/jre/lib/rt.jar:/home/openmobster/java6/jdk1.6.0_18/jre/lib/sunrsasign.jar:/home/openmobster/java6/jdk1.6.0_18/jre/lib/jsse.jar:/home/openmobster/java6/jdk1.6.0_18/jre/lib/jce.jar:/home/openmobster/java6/jdk1.6.0_18/jre/lib/charsets.jar:/home/openmobster/java6/jdk1.6.0_18/jre/classes"/>
    <property name="java.vendor" value="Sun Microsystems Inc."/>
    <property name="localRepository" value="/home/openmobster/.m2/repository"/>
    <property name="file.separator" value="/"/>
    <property name="java.vendor.url.bug" value="http://java.sun.com/cgi-bin/bugreport.cgi"/>
    <property name="sun.cpu.endian" value="little"/>
    <property name="sun.io.unicode.encoding" value="UnicodeLittle"/>
    <property name="sun.cpu.isalist" value=""/>
  </properties>
  <testcase time="9.27" classname="org.openmobster.core.common.bus.TestBusReconnection" name="testPublishSubscribe"/>
</testsuite>